Building DAG of jobs...
Using shell: /usr/bin/bash
Provided cores: 2
Rules claiming more threads will be scaled down.
Job counts:
	count	jobs
	1	all
	7	fix_fasta
	8

[Fri Sep 11 14:49:04 2020]
rule fix_fasta:
    input: /home/dani/Desktop/papers/Gussov_et_al_2020/Acrs_ML/test/genomes/1000561.3/1000561.3.PATRIC.faa
    output: /home/dani/Desktop/papers/Gussov_et_al_2020/Acrs_ML/test/fixed_PATRIC_proteins/1000561.3.PATRIC.fixed.faa
    jobid: 3
    wildcards: genome=1000561.3


[Fri Sep 11 14:49:04 2020]
rule fix_fasta:
    input: /home/dani/Desktop/papers/Gussov_et_al_2020/Acrs_ML/test/genomes/907491.3/907491.3.PATRIC.faa
    output: /home/dani/Desktop/papers/Gussov_et_al_2020/Acrs_ML/test/fixed_PATRIC_proteins/907491.3.PATRIC.fixed.faa
    jobid: 4
    wildcards: genome=907491.3

[Fri Sep 11 14:49:04 2020]
Finished job 4.
1 of 8 steps (12%) done

[Fri Sep 11 14:49:04 2020]
rule fix_fasta:
    input: /home/dani/Desktop/papers/Gussov_et_al_2020/Acrs_ML/test/genomes/562.5478/562.5478.PATRIC.faa
    output: /home/dani/Desktop/papers/Gussov_et_al_2020/Acrs_ML/test/fixed_PATRIC_proteins/562.5478.PATRIC.fixed.faa
    jobid: 2
    wildcards: genome=562.5478

[Fri Sep 11 14:49:05 2020]
Finished job 3.
2 of 8 steps (25%) done

[Fri Sep 11 14:49:05 2020]
rule fix_fasta:
    input: /home/dani/Desktop/papers/Gussov_et_al_2020/Acrs_ML/test/genomes/287.832/287.832.PATRIC.faa
    output: /home/dani/Desktop/papers/Gussov_et_al_2020/Acrs_ML/test/fixed_PATRIC_proteins/287.832.PATRIC.fixed.faa
    jobid: 7
    wildcards: genome=287.832

[Fri Sep 11 14:49:05 2020]
Finished job 2.
3 of 8 steps (38%) done

[Fri Sep 11 14:49:05 2020]
rule fix_fasta:
    input: /home/dani/Desktop/papers/Gussov_et_al_2020/Acrs_ML/test/genomes/596153.4/596153.4.PATRIC.faa
    output: /home/dani/Desktop/papers/Gussov_et_al_2020/Acrs_ML/test/fixed_PATRIC_proteins/596153.4.PATRIC.fixed.faa
    jobid: 5
    wildcards: genome=596153.4

Waiting at most 5 seconds for missing files.
MissingOutputException in line 17 of /home/dani/Desktop/papers/Gussov_et_al_2020/Acrs_ML/Snakemake/process_PATRIC_proteins.smk:
Job completed successfully, but some output files are missing. Missing files after 5 seconds:
/home/dani/Desktop/papers/Gussov_et_al_2020/Acrs_ML/test/fixed_PATRIC_proteins/287.832.PATRIC.fixed.faa
This might be due to filesystem latency. If that is the case, consider to increase the wait time with --latency-wait.
  File "/home/dani/miniconda3/lib/python3.7/site-packages/snakemake/executors/__init__.py", line 544, in handle_job_success
  File "/home/dani/miniconda3/lib/python3.7/site-packages/snakemake/executors/__init__.py", line 231, in handle_job_success
[Fri Sep 11 14:49:10 2020]
Finished job 5.
4 of 8 steps (50%) done
Shutting down, this might take some time.
Exiting because a job execution failed. Look above for error message
Complete log: /home/dani/Desktop/papers/Gussov_et_al_2020/Acrs_ML/Snakemake/.snakemake/log/2020-09-11T144904.493722.snakemake.log
