The flag 'directory' used in rule fix_fasta is only valid for outputs, not inputs.
Building DAG of jobs...
Using shell: /usr/bin/bash
Provided cores: 2
Rules claiming more threads will be scaled down.
Job counts:
	count	jobs
	1	all
	1	create_lcl_folder
	7	fix_fasta
	9

[Fri Sep 11 15:13:02 2020]
rule create_lcl_folder:
    input: /home/dani/Desktop/papers/Gussov_et_al_2020/Acrs_ML/test/fixed_PATRIC_proteins
    output: /home/dani/Desktop/papers/Gussov_et_al_2020/Acrs_ML/test/fixed_PATRIC_proteins/lcl
    jobid: 8

[Fri Sep 11 15:13:02 2020]
Finished job 8.
1 of 9 steps (11%) done

[Fri Sep 11 15:13:02 2020]
rule fix_fasta:
    input: /home/dani/Desktop/papers/Gussov_et_al_2020/Acrs_ML/test/genomes/1000561.3/1000561.3.PATRIC.faa, /home/dani/Desktop/papers/Gussov_et_al_2020/Acrs_ML/test/fixed_PATRIC_proteins/lcl
    output: /home/dani/Desktop/papers/Gussov_et_al_2020/Acrs_ML/test/fixed_PATRIC_proteins/1000561.3.PATRIC.fixed.faa
    jobid: 3
    wildcards: genome=1000561.3


[Fri Sep 11 15:13:02 2020]
rule fix_fasta:
    input: /home/dani/Desktop/papers/Gussov_et_al_2020/Acrs_ML/test/genomes/907491.3/907491.3.PATRIC.faa, /home/dani/Desktop/papers/Gussov_et_al_2020/Acrs_ML/test/fixed_PATRIC_proteins/lcl
    output: /home/dani/Desktop/papers/Gussov_et_al_2020/Acrs_ML/test/fixed_PATRIC_proteins/907491.3.PATRIC.fixed.faa
    jobid: 4
    wildcards: genome=907491.3

[Fri Sep 11 15:13:02 2020]
Finished job 4.
2 of 9 steps (22%) done

[Fri Sep 11 15:13:02 2020]
rule fix_fasta:
    input: /home/dani/Desktop/papers/Gussov_et_al_2020/Acrs_ML/test/genomes/562.5478/562.5478.PATRIC.faa, /home/dani/Desktop/papers/Gussov_et_al_2020/Acrs_ML/test/fixed_PATRIC_proteins/lcl
    output: /home/dani/Desktop/papers/Gussov_et_al_2020/Acrs_ML/test/fixed_PATRIC_proteins/562.5478.PATRIC.fixed.faa
    jobid: 2
    wildcards: genome=562.5478

[Fri Sep 11 15:13:02 2020]
Finished job 3.
3 of 9 steps (33%) done

[Fri Sep 11 15:13:02 2020]
rule fix_fasta:
    input: /home/dani/Desktop/papers/Gussov_et_al_2020/Acrs_ML/test/genomes/287.832/287.832.PATRIC.faa, /home/dani/Desktop/papers/Gussov_et_al_2020/Acrs_ML/test/fixed_PATRIC_proteins/lcl
    output: /home/dani/Desktop/papers/Gussov_et_al_2020/Acrs_ML/test/fixed_PATRIC_proteins/287.832.PATRIC.fixed.faa
    jobid: 7
    wildcards: genome=287.832

[Fri Sep 11 15:13:03 2020]
Finished job 2.
4 of 9 steps (44%) done

[Fri Sep 11 15:13:03 2020]
rule fix_fasta:
    input: /home/dani/Desktop/papers/Gussov_et_al_2020/Acrs_ML/test/genomes/596153.4/596153.4.PATRIC.faa, /home/dani/Desktop/papers/Gussov_et_al_2020/Acrs_ML/test/fixed_PATRIC_proteins/lcl
    output: /home/dani/Desktop/papers/Gussov_et_al_2020/Acrs_ML/test/fixed_PATRIC_proteins/596153.4.PATRIC.fixed.faa
    jobid: 5
    wildcards: genome=596153.4

[Fri Sep 11 15:13:03 2020]
Finished job 7.
5 of 9 steps (56%) done

[Fri Sep 11 15:13:03 2020]
rule fix_fasta:
    input: /home/dani/Desktop/papers/Gussov_et_al_2020/Acrs_ML/test/genomes/999435.3/999435.3.PATRIC.faa, /home/dani/Desktop/papers/Gussov_et_al_2020/Acrs_ML/test/fixed_PATRIC_proteins/lcl
    output: /home/dani/Desktop/papers/Gussov_et_al_2020/Acrs_ML/test/fixed_PATRIC_proteins/999435.3.PATRIC.fixed.faa
    jobid: 6
    wildcards: genome=999435.3

[Fri Sep 11 15:13:03 2020]
Finished job 5.
6 of 9 steps (67%) done

[Fri Sep 11 15:13:03 2020]
rule fix_fasta:
    input: /home/dani/Desktop/papers/Gussov_et_al_2020/Acrs_ML/test/genomes/1327949.5/1327949.5.PATRIC.faa, /home/dani/Desktop/papers/Gussov_et_al_2020/Acrs_ML/test/fixed_PATRIC_proteins/lcl
    output: /home/dani/Desktop/papers/Gussov_et_al_2020/Acrs_ML/test/fixed_PATRIC_proteins/1327949.5.PATRIC.fixed.faa
    jobid: 1
    wildcards: genome=1327949.5

[Fri Sep 11 15:13:03 2020]
Finished job 6.
7 of 9 steps (78%) done
[Fri Sep 11 15:13:03 2020]
Finished job 1.
8 of 9 steps (89%) done

[Fri Sep 11 15:13:03 2020]
localrule all:
    input: /home/dani/Desktop/papers/Gussov_et_al_2020/Acrs_ML/test/fixed_PATRIC_proteins/1327949.5.PATRIC.fixed.faa, /home/dani/Desktop/papers/Gussov_et_al_2020/Acrs_ML/test/fixed_PATRIC_proteins/562.5478.PATRIC.fixed.faa, /home/dani/Desktop/papers/Gussov_et_al_2020/Acrs_ML/test/fixed_PATRIC_proteins/1000561.3.PATRIC.fixed.faa, /home/dani/Desktop/papers/Gussov_et_al_2020/Acrs_ML/test/fixed_PATRIC_proteins/907491.3.PATRIC.fixed.faa, /home/dani/Desktop/papers/Gussov_et_al_2020/Acrs_ML/test/fixed_PATRIC_proteins/596153.4.PATRIC.fixed.faa, /home/dani/Desktop/papers/Gussov_et_al_2020/Acrs_ML/test/fixed_PATRIC_proteins/999435.3.PATRIC.fixed.faa, /home/dani/Desktop/papers/Gussov_et_al_2020/Acrs_ML/test/fixed_PATRIC_proteins/287.832.PATRIC.fixed.faa
    jobid: 0

[Fri Sep 11 15:13:03 2020]
Finished job 0.
9 of 9 steps (100%) done
Complete log: /home/dani/Desktop/papers/Gussov_et_al_2020/Acrs_ML/Snakemake/.snakemake/log/2020-09-11T151302.460704.snakemake.log
